<?xml version="1.0" encoding="UTF-8"?>
<!-- Generated by org.testng.reporters.JUnitReportReporter -->
<testsuite hostname="Gowthams-MacBook-Air.local" failures="0" tests="1" name="selenium.jenkinstest2.TestClass" time="2.620" errors="0" timestamp="12 Jun 2021 17:51:47 GMT" skipped="0">
  <testcase classname="selenium.jenkinstest2.TestClass" name="testCase1" time="2.620"/>
</testsuite> <!-- selenium.jenkinstest2.TestClass -->
